[2024/12/03 16:54:51] app started, listening on port 80
[2024/12/03 16:54:59] set api success
[2024/12/03 16:54:59] symbol:BTCUSDT|quantity:0.200|period:3|trend:down
[2024/12/03 16:55:00] balance: "19730.10422346"
[2024/12/03 16:55:00] symbol:BTCUSDT|infoQnt:0.200|curPosition:0.2
[2024/12/03 16:55:32] app started, listening on port 80
[2024/12/03 16:55:37] set api success
[2024/12/03 16:55:37] symbol:BTCUSDT|quantity:0.200|period:3|trend:down
[2024/12/03 16:55:37] balance: "19730.10422346"
[2024/12/03 16:57:54] symbol:BTCUSDT|infoQnt:0.200|curPosition:0.2
[2024/12/03 16:58:09] app started, listening on port 80
[2024/12/03 16:58:22] set api success
[2024/12/03 16:58:22] symbol:BTCUSDT|quantity:0.200|period:3|trend:down
[2024/12/03 16:58:23] balance: "19730.10422346"
[2024/12/03 16:58:54] app started, listening on port 80
[2024/12/03 16:58:57] set api success
[2024/12/03 16:58:57] symbol:BTCUSDT|quantity:0.200|period:3|trend:down
[2024/12/03 16:58:57] balance: "19730.10422346"
[2024/12/03 16:59:13] symbol:BTCUSDT|infoQnt:0.200|curPosition:0.2
[2024/12/03 16:59:25] handle successfully|period:3|trend:down|symbol:BTCUSDT|quantity:0.200|symbol_map:{"BTCUSDT":{"period1_trend":"","period2_trend":"","period3_trend":"down"}}
[2024/12/03 16:59:31] set api success
[2024/12/03 16:59:31] symbol:BTCUSDT|quantity:0.200|period:3|trend:down
[2024/12/03 16:59:32] balance: "19730.10422346"
[2024/12/03 17:01:28] app started, listening on port 80
[2024/12/03 17:01:31] set api success
[2024/12/03 17:01:31] symbol:BTCUSDT|quantity:0.200|period:3|trend:down
[2024/12/03 17:01:32] balance: "19730.10422346"
[2024/12/03 17:02:27] app started, listening on port 80
[2024/12/03 17:02:35] set api success
[2024/12/03 17:02:35] symbol:BTCUSDT|quantity:0.200|period:1|trend:down
[2024/12/03 17:02:35] balance: "19730.10422346"
[2024/12/03 17:02:38] symbol:BTCUSDT|infoQnt:0.200|curPosition:0.2
[2024/12/03 17:02:38] handle successfully|period:1|trend:down|symbol:BTCUSDT|quantity:0.200|symbol_map:{"BTCUSDT":{"period1_trend":"down","period2_trend":"","period3_trend":""}}
[2024/12/03 17:02:50] set api success
[2024/12/03 17:02:50] symbol:BTCUSDT|quantity:0.200|period:1|trend:up
[2024/12/03 17:02:50] balance: "19730.10422346"
[2024/12/03 17:02:53] symbol:BTCUSDT|infoQnt:0.200|curPosition:0.2
[2024/12/03 17:02:53] handle successfully|period:1|trend:up|symbol:BTCUSDT|quantity:0.200|symbol_map:{"BTCUSDT":{"period1_trend":"up","period2_trend":"","period3_trend":""}}
[2024/12/03 17:02:58] set api success
[2024/12/03 17:02:58] symbol:BTCUSDT|quantity:0.200|period:2|trend:up
[2024/12/03 17:02:58] balance: "19730.10422346"
[2024/12/03 17:02:58] symbol:BTCUSDT|infoQnt:0.200|curPosition:0.2
[2024/12/03 17:02:58] handle successfully|period:2|trend:up|symbol:BTCUSDT|quantity:0.200|symbol_map:{"BTCUSDT":{"period1_trend":"","period2_trend":"up","period3_trend":""}}
[2024/12/03 17:03:11] set api success
[2024/12/03 17:03:11] symbol:BTCUSDT|quantity:0.200|period:1|trend:up
[2024/12/03 17:03:12] balance: "19730.10422346"
[2024/12/03 17:03:12] symbol:BTCUSDT|infoQnt:0.200|curPosition:0.2
[2024/12/03 17:03:12] handle successfully|period:1|trend:up|symbol:BTCUSDT|quantity:0.200|symbol_map:{"BTCUSDT":{"period1_trend":"up","period2_trend":"","period3_trend":""}}
[2024/12/03 17:03:31] set api success
[2024/12/03 17:03:31] symbol:BTCUSDT|quantity:0.200|period:1|trend:up
[2024/12/03 17:03:31] balance: "19730.10422346"
[2024/12/03 17:03:51] symbol:BTCUSDT|infoQnt:0.200|curPosition:0.2
[2024/12/03 17:03:51] handle successfully|period:1|trend:up|symbol:BTCUSDT|quantity:0.200|symbol_map:{"BTCUSDT":{"period1_trend":"up","period2_trend":"","period3_trend":""}}
[2024/12/03 17:03:53] set api success
[2024/12/03 17:03:53] symbol:BTCUSDT|quantity:0.200|period:1|trend:up
[2024/12/03 17:03:54] balance: "19730.10422346"
[2024/12/03 17:05:34] app started, listening on port 80
[2024/12/03 17:05:39] set api success
[2024/12/03 17:05:39] symbol:BTCUSDT|quantity:0.200|period:1|trend:up
[2024/12/03 17:05:40] balance: "19730.10422346"
[2024/12/03 17:06:02] symbol:BTCUSDT|infoQnt:0.200|curPosition:0.2
[2024/12/03 17:06:02] handle successfully|period:1|trend:up|symbol:BTCUSDT|quantity:0.200|symbol_map:{"BTCUSDT":{"period1_trend":"up","period2_trend":"","period3_trend":""}}
[2024/12/03 17:06:11] set api success
[2024/12/03 17:06:11] symbol:BTCUSDT|quantity:0.200|period:2|trend:up
[2024/12/03 17:06:11] balance: "19730.10422346"
[2024/12/03 17:06:11] symbol:BTCUSDT|infoQnt:0.200|curPosition:0.2
[2024/12/03 17:06:11] handle successfully|period:2|trend:up|symbol:BTCUSDT|quantity:0.200|symbol_map:{"BTCUSDT":{"period1_trend":"up","period2_trend":"up","period3_trend":""}}
[2024/12/03 17:06:21] set api success
[2024/12/03 17:06:21] symbol:BTCUSDT|quantity:0.200|period:3|trend:up
[2024/12/03 17:06:21] balance: "19730.10422346"
[2024/12/03 17:06:21] symbol:BTCUSDT|infoQnt:0.200|curPosition:0.2
[2024/12/03 17:06:31] handle successfully|period:3|trend:up|symbol:BTCUSDT|quantity:0.200|symbol_map:{"BTCUSDT":{"period1_trend":"up","period2_trend":"up","period3_trend":"up"}}
[2024/12/03 17:06:39] set api success
[2024/12/03 17:06:39] symbol:BTCUSDT|quantity:0.200|period:3|trend:down
[2024/12/03 17:06:40] balance: "19730.10422346"
[2024/12/03 17:06:40] symbol:BTCUSDT|infoQnt:0.200|curPosition:0.2
[2024/12/03 17:07:45] app started, listening on port 80
[2024/12/03 17:07:57] set api success
[2024/12/03 17:07:57] symbol:BTCUSDT|quantity:0.200|period:3|trend:up
[2024/12/03 17:07:57] balance: "19536.12655109"
[2024/12/03 17:07:57] symbol:BTCUSDT|infoQnt:0.000|curPosition:0
[2024/12/03 17:08:02] handle successfully|period:3|trend:up|symbol:BTCUSDT|quantity:0.200|symbol_map:{"BTCUSDT":{"period1_trend":"up","period2_trend":"up","period3_trend":"up"}}
[2024/12/03 17:08:07] set api success
[2024/12/03 17:08:07] symbol:BTCUSDT|quantity:0.200|period:3|trend:down
[2024/12/03 17:08:07] balance: "19536.12655109"
[2024/12/03 17:08:07] symbol:BTCUSDT|infoQnt:0.000|curPosition:0
[2024/12/03 17:08:09] 30min trend changed to down, open long position|symbol:BTCUSDT|quantity:0.200
[2024/12/03 17:08:09] handle successfully|period:3|trend:down|symbol:BTCUSDT|quantity:0.200|symbol_map:{"BTCUSDT":{"period1_trend":"up","period2_trend":"up","period3_trend":"down"}}
[2024/12/03 17:08:33] set api success
[2024/12/03 17:08:33] symbol:BTCUSDT|quantity:0.200|period:3|trend:down
[2024/12/03 17:08:34] balance: "19528.40185598"
[2024/12/03 17:08:34] symbol:BTCUSDT|infoQnt:0.200|curPosition:0.2
[2024/12/03 17:08:34] handle successfully|period:3|trend:down|symbol:BTCUSDT|quantity:0.200|symbol_map:{"BTCUSDT":{"period1_trend":"up","period2_trend":"up","period3_trend":"down"}}
[2024/12/03 17:08:43] set api success
[2024/12/03 17:08:43] symbol:BTCUSDT|quantity:0.200|period:3|trend:up
[2024/12/03 17:08:44] balance: "19528.40185598"
[2024/12/03 17:08:44] symbol:BTCUSDT|infoQnt:0.200|curPosition:0.2
[2024/12/03 17:08:54] handle successfully|period:3|trend:up|symbol:BTCUSDT|quantity:0.200|symbol_map:{"BTCUSDT":{"period1_trend":"up","period2_trend":"up","period3_trend":"up"}}
[2024/12/03 17:09:05] set api success
[2024/12/03 17:09:05] symbol:BTCUSDT|quantity:0.200|period:2|trend:down
[2024/12/03 17:09:05] balance: "19528.40185598"
[2024/12/03 17:09:05] symbol:BTCUSDT|infoQnt:0.200|curPosition:0.2
[2024/12/03 17:09:06] 4h trend changed to down, close long position|symbol:BTCUSDT|curPosition:0.200
[2024/12/03 17:11:10] set api success
[2024/12/03 17:11:10] symbol:BTCUSDT|quantity:0.200|period:1|trend:down
[2024/12/03 17:11:11] balance: "19445.31011974"
[2024/12/03 17:11:11] symbol:BTCUSDT|infoQnt:0.000|curPosition:0
[2024/12/03 17:11:11] handle successfully|period:1|trend:down|symbol:BTCUSDT|quantity:0.200|symbol_map:{"BTCUSDT":{"period1_trend":"down","period2_trend":"down","period3_trend":"up"}}
[2024/12/03 17:11:43] set api success
[2024/12/03 17:11:43] symbol:BTCUSDT|quantity:0.200|period:3|trend:down
[2024/12/03 17:11:43] balance: "19445.31011974"
[2024/12/03 17:11:43] symbol:BTCUSDT|infoQnt:0.000|curPosition:0
[2024/12/03 17:11:43] handle successfully|period:3|trend:down|symbol:BTCUSDT|quantity:0.200|symbol_map:{"BTCUSDT":{"period1_trend":"down","period2_trend":"down","period3_trend":"down"}}
[2024/12/03 17:11:48] set api success
[2024/12/03 17:11:48] symbol:BTCUSDT|quantity:0.200|period:3|trend:up
[2024/12/03 17:11:49] balance: "19445.31011974"
[2024/12/03 17:11:49] symbol:BTCUSDT|infoQnt:0.000|curPosition:0
[2024/12/03 17:11:53] 30min trend changed to up, open short position|symbol:BTCUSDT|quantity:0.200
[2024/12/03 17:11:53] handle successfully|period:3|trend:up|symbol:BTCUSDT|quantity:0.200|symbol_map:{"BTCUSDT":{"period1_trend":"down","period2_trend":"down","period3_trend":"up"}}
[2024/12/03 17:12:05] set api success
[2024/12/03 17:12:05] symbol:BTCUSDT|quantity:0.200|period:2|trend:up
[2024/12/03 17:12:06] balance: "19437.69337574"
[2024/12/03 17:12:06] symbol:BTCUSDT|infoQnt:-0.200|curPosition:-0.2
[2024/12/03 17:12:06] 4h trend changed to up, close short position|symbol:BTCUSDT|curPosition:-0.200
[2024/12/03 17:13:47] set api success
[2024/12/03 17:13:47] symbol:BTCUSDT|quantity:0.200|period:1|trend:up
[2024/12/03 17:13:47] balance: "19161.55976794"
[2024/12/03 17:13:47] symbol:BTCUSDT|infoQnt:0.000|curPosition:0
[2024/12/03 17:13:47] handle successfully|period:1|trend:up|symbol:BTCUSDT|quantity:0.200|symbol_map:{"BTCUSDT":{"period1_trend":"up","period2_trend":"up","period3_trend":"up"}}
[2024/12/03 17:13:56] set api success
[2024/12/03 17:13:56] symbol:BTCUSDT|quantity:0.200|period:3|trend:down
[2024/12/03 17:13:56] balance: "19161.55976794"
[2024/12/03 17:13:56] symbol:BTCUSDT|infoQnt:0.000|curPosition:0
[2024/12/03 17:14:14] 30min trend changed to down, open long position|symbol:BTCUSDT|quantity:0.200
[2024/12/03 17:14:14] handle successfully|period:3|trend:down|symbol:BTCUSDT|quantity:0.200|symbol_map:{"BTCUSDT":{"period1_trend":"up","period2_trend":"up","period3_trend":"down"}}
[2024/12/03 17:14:23] app started, listening on port 80
[2024/12/03 17:14:25] app started, listening on port 80
[2024/12/03 17:14:30] app started, listening on port 80
[2024/12/03 17:14:39] set api success
[2024/12/03 17:14:39] symbol:BTCUSDT|quantity:0.200|period:1|trend:down
[2024/12/03 17:14:39] balance: "19153.82664670"
[2024/12/03 17:14:39] symbol:BTCUSDT|infoQnt:0.200|curPosition:0.2
[2024/12/03 17:14:40] daily trend changed to down, close long position|symbol:BTCUSDT|curPosition:0.200
[2024/12/03 17:41:02] app started, listening on port 80
[2024/12/03 17:41:34] set api success
[2024/12/03 17:41:34] symbol:BTCUSDT|quantity:0.200|period:2|trend:down
[2024/12/03 17:41:35] balance: "19053.32874622"
[2024/12/03 17:41:35] symbol:BTCUSDT|infoQnt:0.000|curPosition:0
[2024/12/03 17:41:35] handle successfully|period:2|trend:down|symbol:BTCUSDT|quantity:0.200|symbol_map:{"BTCUSDT":{"period1_trend":"down","period2_trend":"down","period3_trend":"down"}}
[2024/12/03 17:42:05] set api success
[2024/12/03 17:42:05] symbol:BTCUSDT|quantity:0.200|period:2|trend:down
[2024/12/03 17:42:06] balance: "19053.32874622"
[2024/12/03 17:42:06] symbol:BTCUSDT|infoQnt:0.000|curPosition:0
[2024/12/03 17:42:06] handle successfully|period:2|trend:down|symbol:BTCUSDT|quantity:0.200|symbol_map:{"BTCUSDT":{"period1_trend":"down","period2_trend":"down","period3_trend":"down"}}
[2024/12/03 17:43:05] app started, listening on port 80
[2024/12/03 17:43:08] app started, listening on port 80
[2024/12/03 17:43:09] app started, listening on port 80
[2024/12/03 17:43:12] app started, listening on port 80
[2024/12/03 17:43:16] set api success
[2024/12/03 17:43:16] symbol:BTCUSDT|quantity:0.200|period:2|trend:down
[2024/12/03 17:43:17] balance: "19053.32874622"
[2024/12/03 17:43:17] symbol:BTCUSDT|infoQnt:0.000|curPosition:0
[2024/12/03 17:43:17] handle successfully|period:2|trend:down|symbol:BTCUSDT|quantity:0.200|symbol_map:{"BTCUSDT":{"period1_trend":"down","period2_trend":"down","period3_trend":"down"}}
[2024/12/03 17:43:28] set api success
[2024/12/03 17:43:28] symbol:BTCUSDT|quantity:0.200|period:3|trend:up
[2024/12/03 17:43:29] balance: "19053.32874622"
[2024/12/03 17:43:29] symbol:BTCUSDT|infoQnt:0.000|curPosition:0
[2024/12/03 17:43:29] handle successfully|period:3|trend:up|symbol:BTCUSDT|quantity:0.200|symbol_map:{"BTCUSDT":{"period1_trend":"down","period2_trend":"down","period3_trend":"up"}}
[2024/12/03 17:44:00] app started, listening on port 80
[2024/12/03 17:44:11] set api success
[2024/12/03 17:44:11] symbol:BTCUSDT|quantity:0.200|period:3|trend:buy
[2024/12/03 17:44:12] balance: "19053.32874622"
[2024/12/03 17:44:12] symbol:BTCUSDT|infoQnt:0.000|curPosition:0
[2024/12/03 17:44:12] handle successfully|period:3|trend:buy|symbol:BTCUSDT|quantity:0.200|symbol_map:{"BTCUSDT":{"period1_trend":"down","period2_trend":"down","period3_trend":"buy"}}
[2024/12/03 17:44:25] set api success
[2024/12/03 17:44:25] symbol:BTCUSDT|quantity:0.200|period:2|trend:buy
[2024/12/03 17:44:25] balance: "19053.32874622"
[2024/12/03 17:44:25] symbol:BTCUSDT|infoQnt:0.000|curPosition:0
[2024/12/03 17:44:25] handle successfully|period:2|trend:buy|symbol:BTCUSDT|quantity:0.200|symbol_map:{"BTCUSDT":{"period1_trend":"down","period2_trend":"buy","period3_trend":"buy"}}
[2024/12/03 17:44:31] set api success
[2024/12/03 17:44:31] symbol:BTCUSDT|quantity:0.200|period:1|trend:buy
[2024/12/03 17:44:31] balance: "19053.32874622"
[2024/12/03 17:44:31] symbol:BTCUSDT|infoQnt:0.000|curPosition:0
[2024/12/03 17:44:31] handle successfully|period:1|trend:buy|symbol:BTCUSDT|quantity:0.200|symbol_map:{"BTCUSDT":{"period1_trend":"buy","period2_trend":"buy","period3_trend":"buy"}}
[2024/12/03 17:44:55] set api success
[2024/12/03 17:44:55] symbol:BTCUSDT|quantity:0.200|period:3|trend:sell
[2024/12/03 17:44:55] balance: "19053.32874622"
[2024/12/03 17:44:55] symbol:BTCUSDT|infoQnt:0.000|curPosition:0
[2024/12/03 17:44:56] 30min trend changed to sell, open long position|symbol:BTCUSDT|quantity:0.200
[2024/12/03 17:44:56] handle successfully|period:3|trend:sell|symbol:BTCUSDT|quantity:0.200|symbol_map:{"BTCUSDT":{"period1_trend":"buy","period2_trend":"buy","period3_trend":"sell"}}
[2024/12/03 17:45:36] set api success
[2024/12/03 17:45:36] symbol:BTCUSDT|quantity:0.200|period:2|trend:buy
[2024/12/03 17:45:37] balance: "19045.59547595"
[2024/12/03 17:45:37] symbol:BTCUSDT|infoQnt:0.200|curPosition:0.2
[2024/12/03 17:45:37] handle successfully|period:2|trend:buy|symbol:BTCUSDT|quantity:0.200|symbol_map:{"BTCUSDT":{"period1_trend":"buy","period2_trend":"buy","period3_trend":"sell"}}
[2024/12/03 17:46:03] set api success
[2024/12/03 17:46:03] symbol:BTCUSDT|quantity:0.200|period:2|trend:sell
[2024/12/03 17:46:04] balance: "19045.59547595"
[2024/12/03 17:46:04] symbol:BTCUSDT|infoQnt:0.200|curPosition:0.2
[2024/12/03 17:46:04] 4h trend changed to sell, close long position|symbol:BTCUSDT|curPosition:0.200
[2024/12/03 17:48:21] app started, listening on port 80
[2024/12/03 17:48:23] app started, listening on port 80
[2024/12/03 17:48:25] app started, listening on port 80
[2024/12/03 17:48:34] app started, listening on port 80
[2024/12/03 17:49:08] set api success
[2024/12/03 17:49:08] symbol:BTCUSDT|quantity:0.200|period:1|trend:sell
[2024/12/03 17:49:08] balance: "18728.25649753"
[2024/12/03 17:49:08] symbol:BTCUSDT|infoQnt:0.000|curPosition:0|symbol_map:{"BTCUSDT":{"period1_trend":"buy","period2_trend":"sell","period3_trend":"sell"}}
[2024/12/03 17:49:08] handle successfully|period:1|trend:sell|symbol:BTCUSDT|quantity:0.200|symbol_map:{"BTCUSDT":{"period1_trend":"sell","period2_trend":"sell","period3_trend":"sell"}}
[2024/12/03 17:49:16] set api success
[2024/12/03 17:49:16] symbol:BTCUSDT|quantity:0.200|period:3|trend:buy
[2024/12/03 17:49:17] balance: "18728.25649753"
[2024/12/03 17:49:17] symbol:BTCUSDT|infoQnt:0.000|curPosition:0|symbol_map:{"BTCUSDT":{"period1_trend":"sell","period2_trend":"sell","period3_trend":"sell"}}
[2024/12/03 17:49:17] 30min trend changed to buy, open short position|symbol:BTCUSDT|quantity:0.200|symbol_map:{"BTCUSDT":{"period1_trend":"sell","period2_trend":"sell","period3_trend":"buy"}}
[2024/12/03 17:49:17] handle successfully|period:3|trend:buy|symbol:BTCUSDT|quantity:0.200|symbol_map:{"BTCUSDT":{"period1_trend":"sell","period2_trend":"sell","period3_trend":"buy"}}
[2024/12/03 17:49:51] set api success
[2024/12/03 17:49:51] symbol:BTCUSDT|quantity:0.200|period:2|trend:buy
[2024/12/03 17:49:52] balance: "18720.63235874"
[2024/12/03 17:49:52] symbol:BTCUSDT|infoQnt:-0.200|curPosition:-0.2|symbol_map:{"BTCUSDT":{"period1_trend":"sell","period2_trend":"sell","period3_trend":"buy"}}
[2024/12/03 17:49:52] 4h trend changed to buy, close short position|symbol:BTCUSDT|curPosition:-0.200|symbol_map:{"BTCUSDT":{"period1_trend":"sell","period2_trend":"buy","period3_trend":"buy"}}
